c:\users\ander\documents\c-p4sjov\busterbustanut\release\consoleapplication1\consoleapplication1\x64\release\vc143.pdb
c:\users\ander\documents\c-p4sjov\busterbustanut\release\consoleapplication1\consoleapplication1\x64\release\main.obj
c:\users\ander\documents\c-p4sjov\busterbustanut\release\consoleapplication1\consoleapplication1\x64\release\consoleapplication1.obj
c:\users\ander\documents\c-p4sjov\busterbustanut\release\consoleapplication1\x64\release\ogg.dll
c:\users\ander\documents\c-p4sjov\busterbustanut\release\consoleapplication1\x64\release\vorbis.dll
c:\users\ander\documents\c-p4sjov\busterbustanut\release\consoleapplication1\x64\release\vorbisenc.dll
c:\users\ander\documents\c-p4sjov\busterbustanut\release\consoleapplication1\x64\release\vorbisfile.dll
c:\users\ander\documents\c-p4sjov\busterbustanut\release\consoleapplication1\x64\release\consoleapplication1.exe
c:\users\ander\documents\c-p4sjov\busterbustanut\release\consoleapplication1\x64\release\consoleapplication1.pdb
c:\users\ander\documents\c-p4sjov\busterbustanut\release\consoleapplication1\consoleapplication1\x64\release\consoleapplication1.ipdb
c:\users\ander\documents\c-p4sjov\busterbustanut\release\consoleapplication1\consoleapplication1\x64\release\consoleapplication1.iobj
c:\users\ander\documents\c-p4sjov\busterbustanut\release\consoleapplication1\consoleapplication1\x64\release\consolea.d24d8af2.tlog\cl.command.1.tlog
c:\users\ander\documents\c-p4sjov\busterbustanut\release\consoleapplication1\consoleapplication1\x64\release\consolea.d24d8af2.tlog\cl.items.tlog
c:\users\ander\documents\c-p4sjov\busterbustanut\release\consoleapplication1\consoleapplication1\x64\release\consolea.d24d8af2.tlog\cl.read.1.tlog
c:\users\ander\documents\c-p4sjov\busterbustanut\release\consoleapplication1\consoleapplication1\x64\release\consolea.d24d8af2.tlog\cl.write.1.tlog
c:\users\ander\documents\c-p4sjov\busterbustanut\release\consoleapplication1\consoleapplication1\x64\release\consolea.d24d8af2.tlog\copylocal.read.1u.tlog
c:\users\ander\documents\c-p4sjov\busterbustanut\release\consoleapplication1\consoleapplication1\x64\release\consolea.d24d8af2.tlog\copylocal.write.1u.tlog
c:\users\ander\documents\c-p4sjov\busterbustanut\release\consoleapplication1\consoleapplication1\x64\release\consolea.d24d8af2.tlog\link.command.1.tlog
c:\users\ander\documents\c-p4sjov\busterbustanut\release\consoleapplication1\consoleapplication1\x64\release\consolea.d24d8af2.tlog\link.read.1.tlog
c:\users\ander\documents\c-p4sjov\busterbustanut\release\consoleapplication1\consoleapplication1\x64\release\consolea.d24d8af2.tlog\link.secondary.1.tlog
c:\users\ander\documents\c-p4sjov\busterbustanut\release\consoleapplication1\consoleapplication1\x64\release\consolea.d24d8af2.tlog\link.write.1.tlog
